d:\learngl\consoleapplication1\consoleapplication1\debug\consoleapplication1.pch
d:\learngl\consoleapplication1\consoleapplication1\debug\vc120.pdb
d:\learngl\consoleapplication1\consoleapplication1\debug\vc120.idb
d:\learngl\consoleapplication1\consoleapplication1\debug\stdafx.obj
d:\learngl\consoleapplication1\consoleapplication1\debug\consoleapplication1.obj
d:\learngl\consoleapplication1\debug\consoleapplication1.pdb
d:\learngl\consoleapplication1\consoleapplication1\debug\consolea.cd1a5938.tlog\cl.command.1.tlog
d:\learngl\consoleapplication1\consoleapplication1\debug\consolea.cd1a5938.tlog\cl.read.1.tlog
d:\learngl\consoleapplication1\consoleapplication1\debug\consolea.cd1a5938.tlog\cl.write.1.tlog
d:\learngl\consoleapplication1\consoleapplication1\debug\consolea.cd1a5938.tlog\link-cvtres.read.1.tlog
d:\learngl\consoleapplication1\consoleapplication1\debug\consolea.cd1a5938.tlog\link-cvtres.write.1.tlog
d:\learngl\consoleapplication1\consoleapplication1\debug\consolea.cd1a5938.tlog\link-rc.read.1.tlog
d:\learngl\consoleapplication1\consoleapplication1\debug\consolea.cd1a5938.tlog\link-rc.write.1.tlog
d:\learngl\consoleapplication1\consoleapplication1\debug\consolea.cd1a5938.tlog\link.42888-cvtres.read.1.tlog
d:\learngl\consoleapplication1\consoleapplication1\debug\consolea.cd1a5938.tlog\link.42888-cvtres.write.1.tlog
d:\learngl\consoleapplication1\consoleapplication1\debug\consolea.cd1a5938.tlog\link.42888-rc.read.1.tlog
d:\learngl\consoleapplication1\consoleapplication1\debug\consolea.cd1a5938.tlog\link.42888-rc.write.1.tlog
d:\learngl\consoleapplication1\consoleapplication1\debug\consolea.cd1a5938.tlog\link.42888.read.1.tlog
d:\learngl\consoleapplication1\consoleapplication1\debug\consolea.cd1a5938.tlog\link.42888.write.1.tlog
d:\learngl\consoleapplication1\consoleapplication1\debug\consolea.cd1a5938.tlog\link.command.1.tlog
d:\learngl\consoleapplication1\consoleapplication1\debug\consolea.cd1a5938.tlog\link.read.1.tlog
d:\learngl\consoleapplication1\consoleapplication1\debug\consolea.cd1a5938.tlog\link.write.1.tlog
